
Dir: piControl-Amon, Model: ACCESS1-0
rlut:    300-799 (2 files, 500 years), parent NA
rsdt:    300-799 (2 files, 500 years), parent NA
rsut:    300-799 (2 files, 500 years), parent NA
ta:      300-799 (10 files, 500 years), parent NA
ua:      300-799 (10 files, 500 years), parent NA
va:      300-799 (10 files, 500 years), parent NA

Dir: piControl-Amon, Model: ACCESS1-3
rlut:    250-749 (2 files, 500 years), parent NA
rsdt:    250-749 (2 files, 500 years), parent NA
rsut:    250-749 (2 files, 500 years), parent NA
ta:      250-749 (10 files, 500 years), parent NA
ua:      250-749 (10 files, 500 years), parent NA
va:      250-749 (10 files, 500 years), parent NA

Dir: piControl-Amon, Model: bcc-csm1-1
rlut:    1-500 (1 files, 500 years), parent NA
rsdt:    1-500 (1 files, 500 years), parent NA
rsut:    1-500 (1 files, 500 years), parent NA
ta:      1-500 (2 files, 500 years), parent NA
ua:      1-500 (2 files, 500 years), parent NA
va:      1-500 (2 files, 500 years), parent NA

Dir: piControl-Amon, Model: bcc-csm1-1-m
rlut:    1-400 (1 files, 400 years), parent NA
rsdt:    1-400 (1 files, 400 years), parent NA
rsut:    1-400 (1 files, 400 years), parent NA
ta:      1-400 (16 files, 400 years), parent NA
ua:      1-400 (16 files, 400 years), parent NA
va:      1-400 (16 files, 400 years), parent NA

Dir: piControl-Amon, Model: BNU-ESM
rlut:    1450-2008 (1 files, 559 years), parent NA
rsdt:    1450-2008 (1 files, 559 years), parent NA
rsut:    1450-2008 (1 files, 559 years), parent NA
ta:      1450-2008 (1 files, 559 years), parent NA
ua:      1450-2008 (1 files, 559 years), parent NA
va:      1450-2008 (1 files, 559 years), parent NA

Dir: piControl-Amon, Model: CanESM2
rlut:    2015-3010 (8 files, 996 years), parent NA
rsdt:    2015-3010 (8 files, 996 years), parent NA
rsut:    2015-3010 (8 files, 996 years), parent NA
ta:      2015-3010 (8 files, 996 years), parent NA
ua:      2015-3010 (8 files, 996 years), parent NA
va:      2015-3010 (8 files, 996 years), parent NA

Dir: piControl-Amon, Model: CCSM4
rlut:    800-799 (3 files, 0 years), parent NA
rsdt:    800-799 (3 files, 0 years), parent NA
rsut:    800-799 (3 files, 0 years), parent NA
ta:      850-849 (21 files, 0 years), parent NA
ua:      800-799 (21 files, 0 years), parent NA
va:      800-799 (21 files, 0 years), parent NA

Dir: piControl-Amon, Model: CNRM-CM5
rlut:    2150-2699 (17 files, 550 years), parent NA
rsdt:    1850-2699 (17 files, 850 years), parent NA
rsut:    1850-2699 (17 files, 850 years), parent NA
ta:      1950-2699 (17 files, 750 years), parent NA
ua:      1850-2699 (17 files, 850 years), parent NA
va:      1850-2699 (17 files, 850 years), parent NA

Dir: piControl-Amon, Model: CNRM-CM5-2
rlut:    1850-2208 (8 files, 359 years), parent NA
rsdt:    1850-2208 (8 files, 359 years), parent NA
rsut:    1850-2208 (8 files, 359 years), parent NA
ta:      1850-2208 (8 files, 359 years), parent NA
ua:      1850-2208 (8 files, 359 years), parent NA
va:      1850-2208 (8 files, 359 years), parent NA

Dir: piControl-Amon, Model: CSIRO-Mk3-6-0
rlut:    1-500 (1 files, 500 years), parent NA
rsdt:    1-500 (1 files, 500 years), parent NA
rsut:    1-500 (1 files, 500 years), parent NA
ta:      1-500 (25 files, 500 years), parent NA
ua:      1-500 (25 files, 500 years), parent NA
va:      1-500 (25 files, 500 years), parent NA

Dir: piControl-Amon, Model: FGOALS-g2
rlut:    201-900 (70 files, 700 years), parent NA
rsdt:    201-900 (70 files, 700 years), parent NA
rsut:    201-900 (70 files, 700 years), parent NA
ta:      201-900 (70 files, 700 years), parent NA
ua:      201-900 (70 files, 700 years), parent NA
va:      201-900 (70 files, 700 years), parent NA

Dir: piControl-Amon, Model: FGOALS-s2
rlut:    1850-2350 (1 files, 501 years), parent NA
rsdt:    1850-2350 (1 files, 501 years), parent NA
rsut:    1850-2350 (1 files, 501 years), parent NA
ta:      1850-2350 (1 files, 501 years), parent NA
ua:      1850-2350 (1 files, 501 years), parent NA
va:      1850-2350 (1 files, 501 years), parent NA

Dir: piControl-Amon, Model: GFDL-CM3
rlut:    1-500 (100 files, 500 years), parent NA
rsdt:    1-500 (100 files, 500 years), parent NA
rsut:    1-500 (100 files, 500 years), parent NA
ta:      1-500 (100 files, 500 years), parent NA
ua:      1-500 (100 files, 500 years), parent NA
va:      1-500 (100 files, 500 years), parent NA

Dir: piControl-Amon, Model: GFDL-ESM2G
rlut:    1-500 (100 files, 500 years), parent NA
rsdt:    1-500 (100 files, 500 years), parent NA
rsut:    1-500 (100 files, 500 years), parent NA
ta:      1-500 (100 files, 500 years), parent NA
ua:      1-500 (100 files, 500 years), parent NA
va:      1-500 (100 files, 500 years), parent NA

Dir: piControl-Amon, Model: GFDL-ESM2M
rlut:    1-500 (100 files, 500 years), parent NA
rsdt:    1-500 (100 files, 500 years), parent NA
rsut:    1-500 (100 files, 500 years), parent NA
ta:      1-500 (100 files, 500 years), parent NA
ua:      1-500 (100 files, 500 years), parent NA
va:      1-500 (100 files, 500 years), parent NA

Dir: piControl-Amon, Model: GISS-E2-H
rlut:    1180-2949 (16 files, 1770 years), parent NA
rsdt:    1180-2949 (16 files, 1770 years), parent NA
rsut:    1180-2949 (16 files, 1770 years), parent NA
ta:      1180-2949 (16 files, 1770 years), parent NA
ua:      1180-2949 (16 files, 1770 years), parent NA
va:      1180-2949 (16 files, 1770 years), parent NA

Dir: piControl-Amon, Model: GISS-E2-R
rlut:    3331-4530 (34 files, 1200 years), parent NA
rsdt:    3331-4530 (34 files, 1200 years), parent NA
rsut:    3331-4530 (34 files, 1200 years), parent NA
ta:      3331-4530 (34 files, 1200 years), parent NA
ua:      3331-4530 (34 files, 1200 years), parent NA
va:      3331-4530 (34 files, 1200 years), parent NA

Dir: piControl-Amon, Model: HadGEM2-ES
rlut:    1859-2435 (25 files, 577 years), parent NA
rsdt:    1859-2435 (25 files, 577 years), parent NA
rsut:    1859-2435 (25 files, 577 years), parent NA
ta:      1859-2435 (24 files, 577 years), parent NA
ua:      1859-2435 (25 files, 577 years), parent NA
va:      1859-2435 (25 files, 577 years), parent NA

Dir: piControl-Amon, Model: inmcm4
rlut:    1850-2349 (1 files, 500 years), parent NA
rsdt:    1850-2349 (1 files, 500 years), parent NA
rsut:    1850-2349 (1 files, 500 years), parent NA
ta:      1860-2349 (50 files, 490 years), parent NA
ua:      1850-2349 (50 files, 500 years), parent NA
va:      1850-2349 (50 files, 500 years), parent NA

Dir: piControl-Amon, Model: IPSL-CM5A-LR
rlut:    1800-2799 (1 files, 1000 years), parent NA
rsdt:    1800-2799 (1 files, 1000 years), parent NA
rsut:    1800-2799 (1 files, 1000 years), parent NA
ta:      2600-2799 (10 files, 200 years), parent NA
ua:      1800-2799 (10 files, 1000 years), parent NA
va:      1800-2799 (10 files, 1000 years), parent NA

Dir: piControl-Amon, Model: IPSL-CM5A-MR
rlut:    1800-2099 (1 files, 300 years), parent NA
rsdt:    1800-2099 (1 files, 300 years), parent NA
rsut:    1800-2099 (1 files, 300 years), parent NA
ta:      1800-1999 (3 files, 200 years), parent NA
ua:      1800-2099 (3 files, 300 years), parent NA
va:      1800-2099 (3 files, 300 years), parent NA

Dir: piControl-Amon, Model: IPSL-CM5B-LR
rlut:    1830-2129 (1 files, 300 years), parent NA
rsdt:    1830-2129 (1 files, 300 years), parent NA
rsut:    1830-2129 (1 files, 300 years), parent NA
ta:      1930-2129 (3 files, 200 years), parent NA
ua:      1830-2129 (3 files, 300 years), parent NA
va:      1830-2129 (3 files, 300 years), parent NA

Dir: piControl-Amon, Model: MIROC5
rlut:    2000-2869 (10 files, 870 years), parent NA
rsdt:    2000-2869 (10 files, 870 years), parent NA
rsut:    2000-2869 (10 files, 870 years), parent NA
ta:      2610-2609 (87 files, 0 years), parent NA
ua:      2000-2869 (87 files, 870 years), parent NA
va:      2000-2869 (87 files, 870 years), parent NA

Dir: piControl-Amon, Model: MIROC-ESM
rlut:    1800-2429 (2 files, 630 years), parent NA
rsdt:    1800-2429 (2 files, 630 years), parent NA
rsut:    1800-2429 (2 files, 630 years), parent NA
ta:      1800-2429 (5 files, 630 years), parent NA
ua:      1800-2429 (5 files, 630 years), parent NA
va:      1800-2429 (5 files, 630 years), parent NA

Dir: piControl-Amon, Model: MPI-ESM-LR
rlut:    1850-2849 (7 files, 1000 years), parent NA
rsdt:    1850-2849 (7 files, 1000 years), parent NA
rsut:    1850-2849 (7 files, 1000 years), parent NA
ta:      1850-2849 (101 files, 1000 years), parent NA
ua:      1850-2849 (101 files, 1000 years), parent NA
va:      1850-2849 (101 files, 1000 years), parent NA

Dir: piControl-Amon, Model: MPI-ESM-MR
rlut:    1850-2849 (5 files, 1000 years), parent NA
rsdt:    1850-2849 (5 files, 1000 years), parent NA
rsut:    1850-2849 (5 files, 1000 years), parent NA
ta:      1850-2849 (99 files, 1000 years), parent NA
ua:      1850-2849 (99 files, 1000 years), parent NA
va:      1850-2849 (99 files, 1000 years), parent NA

Dir: piControl-Amon, Model: MPI-ESM-P
rlut:    1850-3005 (6 files, 1156 years), parent NA
rsdt:    1850-3005 (6 files, 1156 years), parent NA
rsut:    1850-3005 (6 files, 1156 years), parent NA
ta:      1850-3005 (116 files, 1156 years), parent NA
ua:      1850-3005 (116 files, 1156 years), parent NA
va:      1850-3005 (116 files, 1156 years), parent NA

Dir: piControl-Amon, Model: MRI-CGCM3
rlut:    1851-2350 (1 files, 500 years), parent NA
rsdt:    1851-2350 (1 files, 500 years), parent NA
rsut:    1851-2350 (1 files, 500 years), parent NA
ta:      1851-2350 (50 files, 500 years), parent NA
ua:      1851-2350 (50 files, 500 years), parent NA
va:      1851-2350 (50 files, 500 years), parent NA

Dir: piControl-Amon, Model: NorESM1-M
rlut:    700-1200 (2 files, 501 years), parent NA
rsdt:    700-1200 (2 files, 501 years), parent NA
rsut:    700-1200 (2 files, 501 years), parent NA
ta:      700-1200 (6 files, 501 years), parent NA
ua:      700-1200 (6 files, 501 years), parent NA
va:      700-1200 (6 files, 501 years), parent NA

Dir: abrupt4xCO2-Amon, Model: ACCESS1-0
rlut:    300-449 (1 files, 150 years), parent NA
rsdt:    300-449 (1 files, 150 years), parent NA
rsut:    300-449 (1 files, 150 years), parent NA
ta:      300-449 (3 files, 150 years), parent NA
ua:      300-449 (3 files, 150 years), parent NA
va:      300-449 (3 files, 150 years), parent NA

Dir: abrupt4xCO2-Amon, Model: ACCESS1-3
rlut:    250-400 (1 files, 151 years), parent NA
rsdt:    250-400 (1 files, 151 years), parent NA
rsut:    250-400 (1 files, 151 years), parent NA
ta:      250-399 (4 files, 150 years), parent NA
ua:      250-400 (4 files, 151 years), parent NA
va:      250-400 (4 files, 151 years), parent NA

Dir: abrupt4xCO2-Amon, Model: bcc-csm1-1
rlut:    160-309 (1 files, 150 years), parent NA
rsdt:    160-309 (1 files, 150 years), parent NA
rsut:    160-309 (1 files, 150 years), parent NA
ta:      160-309 (1 files, 150 years), parent NA
ua:      160-309 (1 files, 150 years), parent NA
va:      160-309 (1 files, 150 years), parent NA

Dir: abrupt4xCO2-Amon, Model: bcc-csm1-1-m
rlut:    240-389 (1 files, 150 years), parent NA
rsdt:    240-389 (1 files, 150 years), parent NA
rsut:    240-389 (1 files, 150 years), parent NA
ta:      340-314 (6 files, -25 years), parent NA
ua:      240-389 (6 files, 150 years), parent NA
va:      240-389 (6 files, 150 years), parent NA

Dir: abrupt4xCO2-Amon, Model: BNU-ESM
rlut:    1850-1999 (1 files, 150 years), parent NA
rsdt:    1850-1999 (1 files, 150 years), parent NA
rsut:    1850-1999 (1 files, 150 years), parent NA
ta:      1850-1999 (1 files, 150 years), parent NA
ua:      1850-1999 (1 files, 150 years), parent NA
va:      1850-1999 (1 files, 150 years), parent NA

Dir: abrupt4xCO2-Amon, Model: CanESM2
rlut:    1850-1999 (1 files, 150 years), parent NA
rsdt:    1850-1999 (1 files, 150 years), parent NA
rsut:    1850-1999 (1 files, 150 years), parent NA
ta:      1850-1999 (1 files, 150 years), parent NA
ua:      1850-1999 (1 files, 150 years), parent NA
va:      not found

Dir: abrupt4xCO2-Amon, Model: CCSM4
rlut:    1850-2000 (1 files, 151 years), parent NA
rsdt:    1850-2000 (1 files, 151 years), parent NA
rsut:    1850-2000 (1 files, 151 years), parent NA
ta:      1850-2000 (3 files, 151 years), parent NA
ua:      1850-2000 (3 files, 151 years), parent NA
va:      1850-1949 (2 files, 100 years), parent NA

Dir: abrupt4xCO2-Amon, Model: CNRM-CM5
rlut:    1850-1999 (3 files, 150 years), parent NA
rsdt:    1850-1999 (3 files, 150 years), parent NA
rsut:    1850-1999 (3 files, 150 years), parent NA
ta:      1850-1999 (3 files, 150 years), parent NA
ua:      1850-1999 (3 files, 150 years), parent NA
va:      1850-1999 (3 files, 150 years), parent NA

Dir: abrupt4xCO2-Amon, Model: CNRM-CM5-2
rlut:    1850-1989 (3 files, 140 years), parent NA
rsdt:    1850-1989 (3 files, 140 years), parent NA
rsut:    1850-1989 (3 files, 140 years), parent NA
ta:      1850-1989 (3 files, 140 years), parent NA
ua:      1850-1989 (3 files, 140 years), parent NA
va:      1850-1989 (3 files, 140 years), parent NA

Dir: abrupt4xCO2-Amon, Model: CSIRO-Mk3-6-0
rlut:    1-150 (1 files, 150 years), parent NA
rsdt:    1-150 (1 files, 150 years), parent NA
rsut:    1-150 (1 files, 150 years), parent NA
ta:      21-140 (8 files, 120 years), parent NA
ua:      1-150 (8 files, 150 years), parent NA
va:      1-150 (8 files, 150 years), parent NA

Dir: abrupt4xCO2-Amon, Model: FGOALS-g2
rlut:    490-747 (26 files, 258 years), parent NA
rsdt:    490-747 (26 files, 258 years), parent NA
rsut:    490-747 (26 files, 258 years), parent NA
ta:      520-747 (26 files, 228 years), parent NA
ua:      490-747 (26 files, 258 years), parent NA
va:      490-747 (26 files, 258 years), parent NA

Dir: abrupt4xCO2-Amon, Model: FGOALS-s2
rlut:    1850-1999 (1 files, 150 years), parent NA
rsdt:    1850-1999 (1 files, 150 years), parent NA
rsut:    1850-1999 (1 files, 150 years), parent NA
ta:      1850-1999 (1 files, 150 years), parent NA
ua:      1850-1999 (1 files, 150 years), parent NA
va:      1850-1999 (1 files, 150 years), parent NA

Dir: abrupt4xCO2-Amon, Model: GFDL-CM3
rlut:    1-150 (30 files, 150 years), parent NA
rsdt:    1-150 (30 files, 150 years), parent NA
rsut:    1-150 (30 files, 150 years), parent NA
ta:      1-150 (30 files, 150 years), parent NA
ua:      1-150 (30 files, 150 years), parent NA
va:      not found

Dir: abrupt4xCO2-Amon, Model: GFDL-ESM2G
rlut:    1-300 (60 files, 300 years), parent NA
rsdt:    1-300 (60 files, 300 years), parent NA
rsut:    1-300 (60 files, 300 years), parent NA
ta:      1-300 (60 files, 300 years), parent NA
ua:      1-300 (60 files, 300 years), parent NA
va:      not found

Dir: abrupt4xCO2-Amon, Model: GFDL-ESM2M
rlut:    1-300 (60 files, 300 years), parent NA
rsdt:    1-300 (60 files, 300 years), parent NA
rsut:    1-300 (60 files, 300 years), parent NA
ta:      1-300 (60 files, 300 years), parent NA
ua:      1-300 (60 files, 300 years), parent NA
va:      1-300 (60 files, 300 years), parent NA

Dir: abrupt4xCO2-Amon, Model: GISS-E2-H
rlut:    1850-2000 (3 files, 151 years), parent NA
rsdt:    1850-2000 (3 files, 151 years), parent NA
rsut:    1850-2000 (3 files, 151 years), parent NA
ta:      1850-2000 (3 files, 151 years), parent NA
ua:      1850-2000 (3 files, 151 years), parent NA
va:      not found

Dir: abrupt4xCO2-Amon, Model: GISS-E2-R
rlut:    2001-2000 (200 files, 0 years), parent NA
rsdt:    2001-2000 (200 files, 0 years), parent NA
rsut:    2001-2000 (200 files, 0 years), parent NA
ta:      1850-2000 (6 files, 151 years), parent NA
ua:      1850-2000 (6 files, 151 years), parent NA
va:      not found

Dir: abrupt4xCO2-Amon, Model: HadGEM2-ES
rlut:    1859-2010 (8 files, 152 years), parent NA
rsdt:    1859-2010 (8 files, 152 years), parent NA
rsut:    1859-2010 (8 files, 152 years), parent NA
ta:      1859-2010 (8 files, 152 years), parent NA
ua:      1859-2010 (8 files, 152 years), parent NA
va:      1859-2010 (8 files, 152 years), parent NA

Dir: abrupt4xCO2-Amon, Model: inmcm4
rlut:    2090-2239 (1 files, 150 years), parent NA
rsdt:    2090-2239 (1 files, 150 years), parent NA
rsut:    2090-2239 (1 files, 150 years), parent NA
ta:      2090-2239 (15 files, 150 years), parent NA
ua:      2090-2239 (15 files, 150 years), parent NA
va:      2090-2239 (15 files, 150 years), parent NA

Dir: abrupt4xCO2-Amon, Model: IPSL-CM5A-LR
rlut:    1850-2109 (2 files, 260 years), parent NA
rsdt:    1850-2109 (2 files, 260 years), parent NA
rsut:    1850-2109 (2 files, 260 years), parent NA
ta:      1850-2049 (4 files, 200 years), parent NA
ua:      1850-2109 (4 files, 260 years), parent NA
va:      1850-2109 (4 files, 260 years), parent NA

Dir: abrupt4xCO2-Amon, Model: IPSL-CM5A-MR
rlut:    1850-1989 (1 files, 140 years), parent NA
rsdt:    1850-1989 (1 files, 140 years), parent NA
rsut:    1850-1989 (1 files, 140 years), parent NA
ta:      1950-1949 (2 files, 0 years), parent NA
ua:      1850-1989 (2 files, 140 years), parent NA
va:      1850-1989 (2 files, 140 years), parent NA

Dir: abrupt4xCO2-Amon, Model: IPSL-CM5B-LR
rlut:    1850-2009 (1 files, 160 years), parent NA
rsdt:    1850-2009 (1 files, 160 years), parent NA
rsut:    1850-2009 (1 files, 160 years), parent NA
ta:      1850-2009 (2 files, 160 years), parent NA
ua:      1850-2009 (2 files, 160 years), parent NA
va:      1850-2009 (2 files, 160 years), parent NA

Dir: abrupt4xCO2-Amon, Model: MIROC5
rlut:    2100-2250 (1 files, 151 years), parent NA
rsdt:    2100-2250 (1 files, 151 years), parent NA
rsut:    2100-2250 (1 files, 151 years), parent NA
ta:      2240-2250 (16 files, 11 years), parent NA
ua:      2100-2250 (16 files, 151 years), parent NA
va:      2100-2250 (16 files, 151 years), parent NA

Dir: abrupt4xCO2-Amon, Model: MIROC-ESM
rlut:    1-150 (1 files, 150 years), parent NA
rsdt:    1-150 (1 files, 150 years), parent NA
rsut:    1-150 (1 files, 150 years), parent NA
ta:      141-140 (2 files, 0 years), parent NA
ua:      1-150 (2 files, 150 years), parent NA
va:      1-150 (2 files, 150 years), parent NA

Dir: abrupt4xCO2-Amon, Model: MPI-ESM-LR
rlut:    1850-1999 (1 files, 150 years), parent NA
rsdt:    1850-1999 (1 files, 150 years), parent NA
rsut:    1850-1999 (1 files, 150 years), parent NA
ta:      1850-1999 (15 files, 150 years), parent NA
ua:      1850-1999 (15 files, 150 years), parent NA
va:      1850-1999 (15 files, 150 years), parent NA

Dir: abrupt4xCO2-Amon, Model: MPI-ESM-MR
rlut:    1850-1999 (1 files, 150 years), parent NA
rsdt:    1850-1999 (1 files, 150 years), parent NA
rsut:    1850-1999 (1 files, 150 years), parent NA
ta:      1850-1989 (15 files, 140 years), parent NA
ua:      1850-1999 (15 files, 150 years), parent NA
va:      1850-1999 (15 files, 150 years), parent NA

Dir: abrupt4xCO2-Amon, Model: MPI-ESM-P
rlut:    1850-1999 (1 files, 150 years), parent NA
rsdt:    1850-1999 (1 files, 150 years), parent NA
rsut:    1850-1999 (1 files, 150 years), parent NA
ta:      1850-1999 (15 files, 150 years), parent NA
ua:      1850-1999 (15 files, 150 years), parent NA
va:      not found

Dir: abrupt4xCO2-Amon, Model: MRI-CGCM3
rlut:    1851-2000 (1 files, 150 years), parent NA
rsdt:    1851-2000 (1 files, 150 years), parent NA
rsut:    1851-2000 (1 files, 150 years), parent NA
ta:      1851-2000 (15 files, 150 years), parent NA
ua:      1851-2000 (15 files, 150 years), parent NA
va:      not found

Dir: abrupt4xCO2-Amon, Model: NorESM1-M
rlut:    1-150 (1 files, 150 years), parent NA
rsdt:    1-150 (1 files, 150 years), parent NA
rsut:    1-150 (1 files, 150 years), parent NA
ta:      1-150 (2 files, 150 years), parent NA
ua:      1-150 (2 files, 150 years), parent NA
va:      not found

Dir: piControl-cfDay, Model: CanESM2
hfls:    2441-2460 (1 files, 20 years), parent NA
hfss:    2441-2460 (1 files, 20 years), parent NA
ps:      2441-2460 (1 files, 20 years), parent NA
rlds:    2441-2460 (1 files, 20 years), parent NA
rlus:    2441-2460 (1 files, 20 years), parent NA
rlut:    2441-2460 (1 files, 20 years), parent NA
rlutcs:  2441-2460 (1 files, 20 years), parent NA
rsds:    2441-2460 (1 files, 20 years), parent NA
rsdt:    2441-2460 (1 files, 20 years), parent NA
rsus:    2441-2460 (1 files, 20 years), parent NA
rsut:    2441-2460 (1 files, 20 years), parent NA
rsutcs:  2441-2460 (1 files, 20 years), parent NA
ta:      2441-2460 (2 files, 20 years), parent NA
va:      2441-2460 (2 files, 20 years), parent NA

Dir: piControl-cfDay, Model: HadGEM2-ES
hfls:    1859-1879 (21 files, 21 years), parent NA
hfss:    1859-1879 (21 files, 21 years), parent NA
ps:      1859-1879 (21 files, 21 years), parent NA
rlds:    1859-1879 (21 files, 21 years), parent NA
rlus:    1859-1879 (21 files, 21 years), parent NA
rlut:    1859-1879 (21 files, 21 years), parent NA
rlutcs:  1859-1879 (21 files, 21 years), parent NA
rsds:    1859-1879 (21 files, 21 years), parent NA
rsdt:    1859-1879 (21 files, 21 years), parent NA
rsus:    1859-1879 (21 files, 21 years), parent NA
rsut:    1859-1879 (21 files, 21 years), parent NA
rsutcs:  1859-1879 (21 files, 21 years), parent NA
ta:      1859-1879 (21 files, 21 years), parent NA
va:      1859-1879 (21 files, 21 years), parent NA

Dir: piControl-cfDay, Model: IPSL-CM5A-LR
hfls:    1800-1999 (1 files, 200 years), parent NA
hfss:    1800-1999 (1 files, 200 years), parent NA
ps:      1800-1999 (1 files, 200 years), parent NA
rlds:    1850-1999 (2 files, 150 years), parent NA
rlus:    1850-1999 (2 files, 150 years), parent NA
rlut:    1800-1999 (1 files, 200 years), parent NA
rlutcs:  1850-1999 (2 files, 150 years), parent NA
rsds:    1800-1999 (1 files, 200 years), parent NA
rsdt:    1850-1999 (2 files, 150 years), parent NA
rsus:    1850-1999 (2 files, 150 years), parent NA
rsut:    1850-1999 (2 files, 150 years), parent NA
rsutcs:  1850-1999 (2 files, 150 years), parent NA
ta:      1850-1999 (6 files, 150 years), parent NA
va:      1850-1999 (6 files, 150 years), parent NA

Dir: piControl-cfDay, Model: MIROC5
hfls:    2220-2339 (40 files, 120 years), parent NA
hfss:    2220-2339 (40 files, 120 years), parent NA
ps:      2220-2339 (40 files, 120 years), parent NA
rlds:    2220-2339 (40 files, 120 years), parent NA
rlus:    2220-2339 (40 files, 120 years), parent NA
rlut:    2220-2339 (40 files, 120 years), parent NA
rlutcs:  2220-2339 (40 files, 120 years), parent NA
rsds:    2220-2339 (40 files, 120 years), parent NA
rsdt:    2220-2339 (40 files, 120 years), parent NA
rsus:    2220-2339 (40 files, 120 years), parent NA
rsut:    2220-2339 (40 files, 120 years), parent NA
rsutcs:  2220-2339 (40 files, 120 years), parent NA
ta:      2220-2339 (480 files, 120 years), parent NA
va:      2220-2339 (480 files, 120 years), parent NA

Dir: piControl-cfDay, Model: MIROC-ESM
hfls:    2311-2330 (1 files, 20 years), parent NA
hfss:    2311-2330 (1 files, 20 years), parent NA
ps:      2311-2330 (1 files, 20 years), parent NA
rlds:    2311-2330 (1 files, 20 years), parent NA
rlus:    2311-2330 (1 files, 20 years), parent NA
rlut:    2311-2330 (1 files, 20 years), parent NA
rlutcs:  2311-2330 (1 files, 20 years), parent NA
rsds:    2311-2330 (1 files, 20 years), parent NA
rsdt:    2311-2330 (1 files, 20 years), parent NA
rsus:    2311-2330 (1 files, 20 years), parent NA
rsut:    2311-2330 (1 files, 20 years), parent NA
rsutcs:  2311-2330 (1 files, 20 years), parent NA
ta:      2311-2330 (10 files, 20 years), parent NA
va:      2311-2330 (10 files, 20 years), parent NA

Dir: piControl-cfDay, Model: MPI-ESM-LR
hfls:    2000-2019 (1 files, 20 years), parent NA
hfss:    2000-2019 (1 files, 20 years), parent NA
ps:      2000-2019 (1 files, 20 years), parent NA
rlds:    2000-2019 (1 files, 20 years), parent NA
rlus:    2000-2019 (1 files, 20 years), parent NA
rlut:    2000-2019 (1 files, 20 years), parent NA
rlutcs:  2000-2019 (1 files, 20 years), parent NA
rsds:    2000-2019 (1 files, 20 years), parent NA
rsdt:    2000-2019 (1 files, 20 years), parent NA
rsus:    2000-2019 (1 files, 20 years), parent NA
rsut:    2000-2019 (1 files, 20 years), parent NA
rsutcs:  2000-2019 (1 files, 20 years), parent NA
ta:      2000-2019 (20 files, 20 years), parent NA
va:      2000-2019 (20 files, 20 years), parent NA

Dir: piControl-cfDay, Model: MRI-CGCM3
hfls:    2011-2030 (2 files, 20 years), parent NA
hfss:    2011-2030 (2 files, 20 years), parent NA
ps:      2011-2030 (2 files, 20 years), parent NA
rlds:    2011-2030 (2 files, 20 years), parent NA
rlus:    2011-2030 (2 files, 20 years), parent NA
rlut:    2011-2030 (2 files, 20 years), parent NA
rlutcs:  2011-2030 (2 files, 20 years), parent NA
rsds:    2011-2030 (2 files, 20 years), parent NA
rsdt:    2011-2030 (2 files, 20 years), parent NA
rsus:    2011-2030 (2 files, 20 years), parent NA
rsut:    2011-2030 (2 files, 20 years), parent NA
rsutcs:  2011-2030 (2 files, 20 years), parent NA
ta:      2011-2030 (240 files, 20 years), parent NA
va:      2011-2030 (240 files, 20 years), parent NA

Warning: File wgets/abrupt4xCO2-cfDay.sh not found.
