
Time frequency: 6hr
EC-EARTH:      abrupt4xCO2, piControl
FGOALS-g2:     abrupt4xCO2, piControl
IPSL-CM5A-LR:  abrupt4xCO2, piControl
IPSL-CM5A-MR:  abrupt4xCO2, piControl
IPSL-CM5B-LR:  abrupt4xCO2, piControl
Just forcing: GFDL-ESM2G, GFDL-ESM2M, NorESM1-M
Just control: ACCESS1-0, ACCESS1-3, bcc-csm1-1, BNU-ESM, CMCC-CM, CNRM-CM5, CSIRO-Mk3-6-0
Forcing: EC-EARTH FGOALS-g2 IPSL-CM5A-LR IPSL-CM5A-MR IPSL-CM5B-LR
Control: EC-EARTH FGOALS-g2 IPSL-CM5A-LR IPSL-CM5A-MR IPSL-CM5B-LR


Time frequency: day
CanESM2:       abrupt4xCO2, piControl
EC-EARTH:      abrupt4xCO2, piControl
FGOALS-g2:     abrupt4xCO2, piControl
IPSL-CM5A-LR:  abrupt4xCO2, piControl
IPSL-CM5A-MR:  abrupt4xCO2, piControl
IPSL-CM5B-LR:  abrupt4xCO2, piControl
MIROC5:        abrupt4xCO2, piControl
MIROC-ESM:     abrupt4xCO2, piControl
Just forcing: GFDL-ESM2G, GFDL-ESM2M, HadGEM2-ES, MPI-ESM-LR, MRI-CGCM3, NorESM1-M
Just control: ACCESS1-0, ACCESS1-3, bcc-csm1-1, BNU-ESM, CMCC-CESM, CMCC-CM, CMCC-CMS, CNRM-CM5, CSIRO-Mk3-6-0, inmcm4, MIROC4h, MIROC-ESM-CHEM
Forcing: CanESM2 EC-EARTH FGOALS-g2 IPSL-CM5A-LR IPSL-CM5A-MR IPSL-CM5B-LR MIROC5 MIROC-ESM
Control: CanESM2 EC-EARTH FGOALS-g2 IPSL-CM5A-LR IPSL-CM5A-MR IPSL-CM5B-LR MIROC5 MIROC-ESM


Time frequency: mon
ACCESS1-0:      abrupt4xCO2, piControl
ACCESS1-3:      abrupt4xCO2, piControl
bcc-csm1-1:     abrupt4xCO2, piControl
bcc-csm1-1-m:   abrupt4xCO2, piControl
BNU-ESM:        abrupt4xCO2, piControl
CanESM2:        abrupt4xCO2, piControl
CNRM-CM5-2:     abrupt4xCO2, piControl
CNRM-CM5:       abrupt4xCO2, piControl
CSIRO-Mk3-6-0:  abrupt4xCO2, piControl
EC-EARTH:       abrupt4xCO2, piControl
FGOALS-g2:      abrupt4xCO2, piControl
FGOALS-s2:      abrupt4xCO2, piControl
HadGEM2-ES:     abrupt4xCO2, piControl
inmcm4:         abrupt4xCO2, piControl
IPSL-CM5A-LR:   abrupt4xCO2, piControl
IPSL-CM5A-MR:   abrupt4xCO2, piControl
IPSL-CM5B-LR:   abrupt4xCO2, piControl
MIROC5:         abrupt4xCO2, piControl
MIROC-ESM:      abrupt4xCO2, piControl
MPI-ESM-LR:     abrupt4xCO2, piControl
MPI-ESM-MR:     abrupt4xCO2, piControl
Just forcing: CCSM4, CSIRO-Mk3L-1-2, GFDL-CM3, GFDL-ESM2G, GFDL-ESM2M, GISS-E2-H, GISS-E2-R, MPI-ESM-P, MRI-CGCM3, NorESM1-M
Just control: CMCC-CESM, CMCC-CM, CMCC-CMS, FIO-ESM, HadGEM2-CC, MIROC4h, MIROC-ESM-CHEM
Forcing: ACCESS1-0 ACCESS1-3 bcc-csm1-1 bcc-csm1-1-m BNU-ESM CanESM2 CNRM-CM5 CNRM-CM5-2 CSIRO-Mk3-6-0 EC-EARTH FGOALS-g2 FGOALS-s2 HadGEM2-ES inmcm4 IPSL-CM5A-LR IPSL-CM5A-MR IPSL-CM5B-LR MIROC5 MIROC-ESM MPI-ESM-LR MPI-ESM-MR
Control: ACCESS1-0 ACCESS1-3 bcc-csm1-1 bcc-csm1-1-m BNU-ESM CanESM2 CNRM-CM5 CNRM-CM5-2 CSIRO-Mk3-6-0 EC-EARTH FGOALS-g2 FGOALS-s2 HadGEM2-ES inmcm4 IPSL-CM5A-LR IPSL-CM5A-MR IPSL-CM5B-LR MIROC5 MIROC-ESM MPI-ESM-LR MPI-ESM-MR

